app/build/outputs/mapping/release/seeds.txt
com.igorbresende.ubwear.MainActivity
com.igorbresende.ubwear.MyApplication
com.igorbresende.ubwear.MainActivity: MainActivity()
com.igorbresende.ubwear.MyApplication: MyApplication()
...
androidx.appcompat.widget.AppCompatImageButton: void setImageURI(android.net.Uri)
com.google.android.material.chip.Chip: void setCheckedIconVisible(boolean)
com.google.android.material.card.MaterialCardView: void setShapeAppearanceModel(com.google.android.material.shape.ShapeAppearanceModel)
androidx.activity.ComponentActivity: void setContentView(android.view.View)
com.google.android.material.textfield.TextInputLayout: void setPasswordVisibilityToggleDrawable(android.graphics.drawable.Drawable)
com.google.android.gms.common.api.internal.BasePendingResult: BasePendingResult()
androidx.appcompat.widget.AppCompatButton: int getAutoSizeTextType()
androidx.core.view.ViewCompat$Api29Impl: void setSystemGestureExclusionRects(android.view.View,java.util.List)
com.bumptech.glide.load.ImageHeaderParser$ImageType: com.bumptech.glide.load.ImageHeaderParser$ImageType[] values()
com.google.android.material.snackbar.BaseTransientBottomBar$SnackbarBaseLayout: void setAnimationMode(int)
androidx.core.app.AppOpsManagerCompat$Api23Impl: int noteProxyOpNoThrow(android.app.AppOpsManager,java.lang.String,java.lang.String)
androidx.lifecycle.ReportFragment$LifecycleCallbacks: void onActivityPostResumed(android.app.Activity)
com.google.android.material.card.MaterialCardView: void setBackgroundInternal(android.graphics.drawable.Drawable)
androidx.appcompat.view.menu.ListMenuItemView: ListMenuItemView(android.content.Context,android.util.AttributeSet)
androidx.appcompat.view.menu.ActionMenuItemView: void setPopupCallback(androidx.appcompat.view.menu.ActionMenuItemView$PopupCallback)
com.google.android.material.button.MaterialButton: com.google.android.material.shape.ShapeAppearanceModel getShapeAppearanceModel()
androidx.appcompat.widget.AppCompatCheckBox: void setSupportButtonTintList(android.content.res.ColorStateList)
com.google.android.material.chip.Chip: void setCloseIconContentDescription(java.lang.CharSequence)
androidx.core.graphics.drawable.IconCompat$Api28Impl: int getResId(java.lang.Object)
androidx.core.content.res.FontResourcesParserCompat$Api21Impl: int getType(android.content.res.TypedArray,int)
com.google.android.material.textfield.TextInputLayout: com.google.android.material.internal.CheckableImageButton getEndIconView()
androidx.core.view.WindowInsetsCompat$Impl29: androidx.core.view.WindowInsetsCompat inset(int,int,int,int)
androidx.appcompat.widget.ActionMenuView: android.view.Menu getMenu()
com.google.android.material.card.MaterialCardView: int getCheckedIconGravity()
androidx.core.widget.EdgeEffectCompat$Api31Impl: float getDistance(android.widget.EdgeEffect)
com.google.android.material.card.MaterialCardView: void setCheckedIconResource(int)
androidx.appcompat.view.menu.ActionMenuItemView: void setCheckable(boolean)
androidx.core.view.ViewGroupCompat$Api21Impl: boolean isTransitionGroup(android.view.ViewGroup)
androidx.core.graphics.drawable.DrawableCompat$Api21Impl: void setTintList(android.graphics.drawable.Drawable,android.content.res.ColorStateList)
androidx.coordinatorlayout.widget.CoordinatorLayout: void setStatusBarBackground(android.graphics.drawable.Drawable)
androidx.appcompat.widget.Toolbar: int getContentInsetRight()
com.google.android.material.internal.FlowLayout: int getItemSpacing()
androidx.appcompat.widget.FitWindowsFrameLayout: void setOnFitSystemWindowsListener(androidx.appcompat.widget.FitWindowsViewGroup$OnFitSystemWindowsListener)
androidx.lifecycle.ProcessLifecycleOwner$3: ProcessLifecycleOwner$3(androidx.lifecycle.ProcessLifecycleOwner)
androidx.appcompat.widget.AppCompatButton: void setBackgroundDrawable(android.graphics.drawable.Drawable)
androidx.appcompat.resources.Compatibility$Api21Impl: void inflate(android.graphics.drawable.Drawable,android.content.res.Resources,org.xmlpull.v1.XmlPullParser,android.util.AttributeSet,android.content.res.Resources$Theme)
androidx.core.graphics.drawable.DrawableCompat$Api19Impl: int getAlpha(android.graphics.drawable.Drawable)