app/build/outputs/mapping/release/mapping.txt
# compiler: R8
# compiler_version: 3.2.60
# min_api: 23
# common_typos_disable
# {"id":"com.android.tools.r8.mapping","version":"2.0"}
# pg_map_id: dff71a7
# pg_map_hash: SHA-256 dff71a7c44abfab9ef216c453e655bfddd1bf626de6cb34494d7af11aa426998
com.igorbresende.ubwear.LanguageMaps -> f3.a:
    java.util.Map supportedLanguages -> a
    1:1:java.util.Map com.igorbresende.ubwear.LanguageMaps.createMapPt():0:0 -> <init>
    1:1:void com.igorbresende.ubwear.LanguageMaps.createSupportedLanguagesMap():0 -> <init>
    1:1:void <init>():0 -> <init>
    2:2:void com.igorbresende.ubwear.LanguageMaps.createSupportedLanguagesMap():0:0 -> <init>
    2:2:void <init>():0 -> <init>
    3:3:java.util.Map com.igorbresende.ubwear.LanguageMaps.createMapEn():0:0 -> <init>
    3:3:void com.igorbresende.ubwear.LanguageMaps.createSupportedLanguagesMap():0 -> <init>
    3:3:void <init>():0 -> <init>
    4:4:void com.igorbresende.ubwear.LanguageMaps.createSupportedLanguagesMap():0:0 -> <init>
    4:4:void <init>():0 -> <init>
    java.util.Map getMap(java.lang.String) -> a
com.igorbresende.ubwear.MainActivity -> com.igorbresende.ubwear.MainActivity:
    java.lang.String TAG_MESSAGE_RECEIVED -> F
    int $r8$clinit -> O
    int delay -> L
    java.lang.String finalCookies -> H
    boolean gotCookies -> I
    java.util.Map languageMaps -> M
    java.lang.String wearableAppCheckPayload -> y
    com.google.android.gms.wearable.MessageEvent messageEvent -> G
    java.lang.String wearableAppCheckPayloadReturnACK -> z
    kotlinx.coroutines.CoroutineScope $$delegate_0 -> w
    com.igorbresende.ubwear.databinding.ActivityMainBinding binding -> N
    android.content.Context activityContext -> x
    java.lang.Runnable runnable -> K
    boolean wearableDeviceConnected -> A
    java.lang.String APP_OPEN_WEARABLE_PAYLOAD_PATH -> C
    java.lang.String currentAckFromWearForAppOpenCheck -> B
    android.os.Handler handler -> J
    java.lang.String TAG_GET_NODES -> E
    java.lang.String MESSAGE_ITEM_RECEIVED_PATH -> D
    1:1:kotlinx.coroutines.CoroutineScope kotlinx.coroutines.CoroutineScopeKt.MainScope():0:0 -> <init>
    1:1:void <init>():0 -> <init>
    2:2:kotlinx.coroutines.CompletableJob kotlinx.coroutines.SupervisorKt.SupervisorJob(kotlinx.coroutines.Job):0:0 -> <init>
    2:2:kotlinx.coroutines.CompletableJob kotlinx.coroutines.SupervisorKt.SupervisorJob$default(kotlinx.coroutines.Job,int,java.lang.Object):0 -> <init>
    2:2:kotlinx.coroutines.CoroutineScope kotlinx.coroutines.CoroutineScopeKt.MainScope():0 -> <init>
com.igorbresende.ubwear.MainActivity$initialiseDevicePairing$1 -> f3.b:
    int label -> h
    boolean $showToast -> k
    android.app.Activity $tempAct -> j
    com.igorbresende.ubwear.MainActivity this$0 -> i
    kotlin.coroutines.Continuation create(java.lang.Object,kotlin.coroutines.Continuation) -> a
    1:1:kotlinx.coroutines.MainCoroutineDispatcher kotlinx.coroutines.Dispatchers.getMain():0:0 -> f
    1:1:java.lang.Object invokeSuspend(java.lang.Object):0 -> f
    2:2:java.lang.Object invokeSuspend(java.lang.Object):0:0 -> f
    3:3:kotlin.coroutines.CoroutineContext kotlin.coroutines.jvm.internal.ContinuationImpl.getContext():0:0 -> f
    3:3:java.lang.Object kotlinx.coroutines.BuildersKt__Builders_commonKt.withContext(kotlin.coroutines.CoroutineContext,kotlin.jvm.functions.Function2,kotlin.coroutines.Continuation):0 -> f
    3:3:java.lang.Object kotlinx.coroutines.BuildersKt.withContext(kotlin.coroutines.CoroutineContext,kotlin.jvm.functions.Function2,kotlin.coroutines.Continuation):0 -> f
    3:3:java.lang.Object invokeSuspend(java.lang.Object):0 -> f
    4:4:kotlin.coroutines.CoroutineContext kotlinx.coroutines.CoroutineContextKt.newCoroutineContext(kotlin.coroutines.CoroutineContext,kotlin.coroutines.CoroutineContext):0:0 -> f
    4:4:java.lang.Object kotlinx.coroutines.BuildersKt__Builders_commonKt.withContext(kotlin.coroutines.CoroutineContext,kotlin.jvm.functions.Function2,kotlin.coroutines.Continuation):0 -> f
...
kotlinx.coroutines.internal.ThreadSafeHeapNode -> a4.t:
    void setIndex(int) -> a
    kotlinx.coroutines.internal.ThreadSafeHeap getHeap() -> b
    void setHeap(kotlinx.coroutines.internal.ThreadSafeHeap) -> e
    int getIndex() -> f
kotlinx.coroutines.internal.ThreadState -> a4.u:
    java.lang.Object[] values -> b
    kotlinx.coroutines.ThreadContextElement[] elements -> c
    int i -> d
    kotlin.coroutines.CoroutineContext context -> a
kotlinx.coroutines.scheduling.CoroutineScheduler -> b4.a:
    java.lang.String schedulerName -> g
    kotlinx.coroutines.internal.Symbol NOT_IN_STACK -> n
    kotlinx.coroutines.scheduling.GlobalQueue globalBlockingQueue -> i
    long idleWorkerKeepAliveNs -> f
    int corePoolSize -> d
    kotlinx.coroutines.internal.ResizableAtomicArray workers -> j
    int maxPoolSize -> e
    kotlinx.coroutines.scheduling.GlobalQueue globalCpuQueue -> h
    java.util.concurrent.atomic.AtomicIntegerFieldUpdater _isTerminated$FU -> m
    java.util.concurrent.atomic.AtomicLongFieldUpdater parkedWorkersStack$FU -> k
    java.util.concurrent.atomic.AtomicLongFieldUpdater controlState$FU -> l
    1:1:boolean kotlinx.coroutines.scheduling.CoroutineScheduler.isTerminated():0:0 -> a
    1:1:int createNewWorker():0 -> a
    2:2:int createNewWorker():0:0 -> a
    1:1:kotlinx.coroutines.scheduling.CoroutineScheduler kotlinx.coroutines.scheduling.CoroutineScheduler$Worker.access$getThis$0$p(kotlinx.coroutines.scheduling.CoroutineScheduler$Worker):0:0 -> b
    1:1:kotlinx.coroutines.scheduling.CoroutineScheduler$Worker currentWorker():0 -> b
    2:2:kotlinx.coroutines.scheduling.CoroutineScheduler$Worker currentWorker():0:0 -> b
    1:1:kotlinx.coroutines.scheduling.Task kotlinx.coroutines.scheduling.CoroutineScheduler.createTask(java.lang.Runnable,kotlinx.coroutines.scheduling.TaskContext):0:0 -> c
    1:1:void dispatch(java.lang.Runnable,kotlinx.coroutines.scheduling.TaskContext,boolean):0 -> c
kotlinx.coroutines.scheduling.CoroutineScheduler$Worker -> b4.a$a:
    kotlinx.coroutines.scheduling.WorkQueue localQueue -> d
    kotlinx.coroutines.scheduling.CoroutineScheduler$WorkerState state -> e
    long terminationDeadline -> f
    boolean mayHaveLocalTasks -> i
    int rngState -> h
    kotlinx.coroutines.scheduling.CoroutineScheduler this$0 -> j
    long minDelayUntilStealableTaskNs -> g
    java.util.concurrent.atomic.AtomicIntegerFieldUpdater workerCtl$FU -> k
    1:1:void kotlinx.coroutines.scheduling.CoroutineScheduler$Worker.<init>(kotlinx.coroutines.scheduling.CoroutineScheduler):0:0 -> <init>
    1:1:void <init>(kotlinx.coroutines.scheduling.CoroutineScheduler,int):0 -> <init>
    2:2:kotlin.random.Random kotlin.random.Random.access$getDefaultRandom$cp():0:0 -> <init>
    2:2:int kotlin.random.Random$Default.nextInt():0 -> <init>
    2:2:void kotlinx.coroutines.scheduling.CoroutineScheduler$Worker.<init>(kotlinx.coroutines.scheduling.CoroutineScheduler):0 -> <init>
    2:2:void <init>(kotlinx.coroutines.scheduling.CoroutineScheduler,int):0 -> <init>
    3:3:int kotlin.random.Random$Default.nextInt():0:0 -> <init>
    3:3:void kotlinx.coroutines.scheduling.CoroutineScheduler$Worker.<init>(kotlinx.coroutines.scheduling.CoroutineScheduler):0 -> <init>
    3:3:void <init>(kotlinx.coroutines.scheduling.CoroutineScheduler,int):0 -> <init>