app/build/outputs/mapping/release/usage.txt
com.igorbresende.ubwear.BuildConfig
com.igorbresende.ubwear.LanguageMaps:
    public java.lang.String getLanguage(java.lang.String,java.lang.String)
com.igorbresende.ubwear.MainActivity:
    public final int getDelay()
    public final android.os.Handler getHandler()
    public final java.lang.Runnable getRunnable()
    public final void setActivityContext(android.content.Context)
    public final void setDelay(int)
    public final void setHandler(android.os.Handler)
    public final void setRunnable(java.lang.Runnable)
com.igorbresende.ubwear.R$anim
com.igorbresende.ubwear.R$animator
com.igorbresende.ubwear.R$attr
com.igorbresende.ubwear.R$bool
com.igorbresende.ubwear.R$color
com.igorbresende.ubwear.R$dimen
com.igorbresende.ubwear.R$drawable
com.igorbresende.ubwear.R$id
com.igorbresende.ubwear.R$integer
com.igorbresende.ubwear.R$interpolator
com.igorbresende.ubwear.R$layout
com.igorbresende.ubwear.R$mipmap
com.igorbresende.ubwear.R$plurals
com.igorbresende.ubwear.R$string
com.igorbresende.ubwear.R$style
com.igorbresende.ubwear.R$styleable
com.igorbresende.ubwear.R
com.igorbresende.ubwear.databinding.ActivityMainBinding:
    public synthetic bridge android.view.View getRoot()
com.igorbresende.ubwear.LanguageMaps:
    public final java.util.Map createMapEn()
    public final java.util.Map createMapPt()
    public final void createSupportedLanguagesMap()
com.igorbresende.ubwear.MainActivity$$InternalSyntheticLambda$0$645dec65fe193da499dc7a8b116041393f820e225de99740dcb0df1fd53b0d2e$0
com.igorbresende.ubwear.MainActivity$$InternalSyntheticLambda$0$bd1fcfd0ffe0d06493855e6b30de9a5851f608b9ff8a6800a128e20906cf04b5$0
com.igorbresende.ubwear.MainActivity$initialiseDevicePairing$1$1:
    public int label
    public final java.lang.Object invoke(kotlinx.coroutines.CoroutineScope,kotlin.coroutines.Continuation)
com.igorbresende.ubwear.MainActivity$initialiseDevicePairing$1:
    public final java.lang.Object invoke(kotlinx.coroutines.CoroutineScope,kotlin.coroutines.Continuation)
com.igorbresende.ubwear.MainActivity:
    public java.lang.String wearableNodeUri
    public static final synthetic boolean access$getGotCookies$p(com.igorbresende.ubwear.MainActivity)
    public static final synthetic java.util.Map access$getLanguageMaps$p(com.igorbresende.ubwear.MainActivity)
    public static final synthetic void access$setWearableDeviceConnected$p(com.igorbresende.ubwear.MainActivity,boolean)
    public final android.content.Context getActivityContext()
    public final kotlin.coroutines.CoroutineContext getCoroutineContext()
    public final boolean[] getNodes(android.content.Context)
    public final void initialiseDevicePairing(android.app.Activity,boolean)
    public final boolean validateCookies(java.lang.String)
com.igorbresende.ubwear.databinding.ActivityMainBinding:
    public final com.google.android.material.appbar.AppBarLayout appbarlayout
    public final android.widget.RelativeLayout rootView
    public final android.widget.LinearLayout sidCsidInfo
    public final android.widget.RelativeLayout getRoot()
...
androidx.core.graphics.PathParser$ExtractFloatResult
androidx.core.graphics.PathParser$PathDataNode:
    public final void interpolatePathDataNode(androidx.core.graphics.PathParser$PathDataNode,androidx.core.graphics.PathParser$PathDataNode,float)
androidx.core.graphics.PathParser:
    public static void addNode(java.util.ArrayList,char,float[])
androidx.core.graphics.TypefaceCompat$ResourcesCallbackAdapter:
    public final void onTypefaceRequestFailed(int)
    public final void onTypefaceRetrieved(android.graphics.Typeface)
androidx.core.graphics.TypefaceCompat:
    public static android.graphics.Typeface createFromFontInfo(android.content.Context,android.os.CancellationSignal,androidx.core.provider.FontsContractCompat$FontInfo[],int)
androidx.core.graphics.TypefaceCompatApi21Impl:
    public static void <clinit>()
    public final java.io.File getFile(android.os.ParcelFileDescriptor)
androidx.core.graphics.TypefaceCompatApi24Impl:
    public static java.lang.Object newFamily()
androidx.core.graphics.TypefaceCompatApi26Impl:
    public final boolean addFontFromBuffer(java.lang.Object,java.nio.ByteBuffer,int,int,int)
    public final java.lang.reflect.Method obtainAbortCreationMethod(java.lang.Class)
    public final java.lang.Class obtainFontFamily()
    public final java.lang.reflect.Constructor obtainFontFamilyCtor(java.lang.Class)
    public final java.lang.reflect.Method obtainFreezeMethod(java.lang.Class)
androidx.core.graphics.TypefaceCompatBaseImpl$1:
    public final synthetic androidx.core.graphics.TypefaceCompatBaseImpl this$0
    public final int getWeight(androidx.core.provider.FontsContractCompat$FontInfo)
    public final boolean isItalic(androidx.core.provider.FontsContractCompat$FontInfo)
androidx.core.graphics.TypefaceCompatBaseImpl$2
androidx.core.graphics.TypefaceCompatBaseImpl:
    public final void addFontFamily(android.graphics.Typeface,androidx.core.content.res.FontResourcesParserCompat$FontFamilyFilesResourceEntry)
    public final androidx.core.content.res.FontResourcesParserCompat$FontFileResourceEntry findBestEntry(androidx.core.content.res.FontResourcesParserCompat$FontFamilyFilesResourceEntry,int)
    public final androidx.core.content.res.FontResourcesParserCompat$FontFamilyFilesResourceEntry getFontFamily(android.graphics.Typeface)
    public static long getUniqueKey(android.graphics.Typeface)
androidx.core.graphics.TypefaceCompatUtil:
    public static java.util.Map readFontInfoIntoByteBuffer(android.content.Context,androidx.core.provider.FontsContractCompat$FontInfo[],android.os.CancellationSignal)
androidx.core.graphics.drawable.DrawableCompat
androidx.core.graphics.drawable.IconCompat:
    public final java.lang.String getResPackage()
    public final int getType()
    public final java.io.InputStream getUriInputStream(android.content.Context)
    public final void onPostParceling()
    public final void onPreParceling(boolean)
    public final android.graphics.drawable.Icon toIcon()
    public final android.graphics.drawable.Icon toIcon(android.content.Context)
androidx.core.graphics.drawable.TintAwareDrawable
androidx.core.graphics.drawable.WrappedDrawableApi14
androidx.core.graphics.drawable.WrappedDrawableApi21
androidx.core.graphics.drawable.WrappedDrawableState
androidx.core.math.MathUtils
androidx.core.os.BuildCompat
androidx.core.os.BundleApi18ImplKt:
    public static final androidx.core.os.BundleApi18ImplKt INSTANCE
    public static void <clinit>()
    public void <init>()
androidx.core.os.BundleApi21ImplKt:
    public static final androidx.core.os.BundleApi21ImplKt INSTANCE
    public static void <clinit>()
    public void <init>()
androidx.core.os.BundleKt
androidx.core.os.CancellationSignal$Api16Impl
androidx.core.os.CancellationSignal:
    public java.lang.Object mCancellationSignalObj
    public final boolean isCanceled()
    public final void waitForCancelFinishedLocked()
androidx.core.os.ConfigurationCompat